2025-09-09 22:21:24,369 INFO o.a.j.u.JMeterUtils: Setting Locale to en_EN
2025-09-09 22:21:24,406 INFO o.a.j.JMeter: Loading user properties from: D:\apache-jmeter-5.6.3\bin\user.properties
2025-09-09 22:21:24,407 INFO o.a.j.JMeter: Loading system properties from: D:\apache-jmeter-5.6.3\bin\system.properties
2025-09-09 22:21:24,407 INFO o.a.j.JMeter: Setting JMeter property: jmeter.save.saveservice.output_format=csv
2025-09-09 22:21:24,407 INFO o.a.j.JMeter: Setting JMeter property: jmeter.save.saveservice.print_field_names=true
2025-09-09 22:21:24,417 INFO o.a.j.JMeter: Copyright (c) 1998-2024 The Apache Software Foundation
2025-09-09 22:21:24,417 INFO o.a.j.JMeter: Version 5.6.3
2025-09-09 22:21:24,417 INFO o.a.j.JMeter: java.version=21.0.7
2025-09-09 22:21:24,417 INFO o.a.j.JMeter: java.vm.name=Java HotSpot(TM) 64-Bit Server VM
2025-09-09 22:21:24,417 INFO o.a.j.JMeter: os.name=Windows 11
2025-09-09 22:21:24,418 INFO o.a.j.JMeter: os.arch=amd64
2025-09-09 22:21:24,418 INFO o.a.j.JMeter: os.version=10.0
2025-09-09 22:21:24,418 INFO o.a.j.JMeter: file.encoding=UTF-8
2025-09-09 22:21:24,418 INFO o.a.j.JMeter: java.awt.headless=true
2025-09-09 22:21:24,418 INFO o.a.j.JMeter: Max memory     =1073741824
2025-09-09 22:21:24,418 INFO o.a.j.JMeter: Available Processors =8
2025-09-09 22:21:24,429 INFO o.a.j.JMeter: Default Locale=English (EN)
2025-09-09 22:21:24,430 INFO o.a.j.JMeter: JMeter  Locale=English (EN)
2025-09-09 22:21:24,430 INFO o.a.j.JMeter: JMeterHome=D:\apache-jmeter-5.6.3
2025-09-09 22:21:24,430 INFO o.a.j.JMeter: user.dir  =D:\apache-jmeter-5.6.3\bin\b16\JmeterAssignment2
2025-09-09 22:21:24,430 INFO o.a.j.JMeter: PWD       =D:\apache-jmeter-5.6.3\bin\b16\JmeterAssignment2
2025-09-09 22:21:24,430 INFO o.a.j.JMeter: IP: 192.168.0.105 Name: DESKTOP-7CBI6GV FullName: DESKTOP-7CBI6GV
2025-09-09 22:21:24,446 INFO o.a.j.JMeter: Setting property 'jmeter.reportgenerator.outputdir' to:'D:\apache-jmeter-5.6.3\bin\b16\JmeterAssignment2\Report'
2025-09-09 22:21:24,451 INFO o.a.j.s.FileServer: Default base='D:\apache-jmeter-5.6.3\bin\b16\JmeterAssignment2'
2025-09-09 22:21:24,453 INFO o.a.j.s.FileServer: Set new base='D:\apache-jmeter-5.6.3\bin\b16\JmeterAssignment2'
2025-09-09 22:21:24,660 INFO o.a.j.s.SaveService: Testplan (JMX) version: 2.2. Testlog (JTL) version: 2.2
2025-09-09 22:21:24,696 INFO o.a.j.s.SaveService: Using SaveService properties version 5.0
2025-09-09 22:21:24,700 INFO o.a.j.s.SaveService: Using SaveService properties file encoding UTF-8
2025-09-09 22:21:24,702 INFO o.a.j.s.SaveService: Loading file: dmoney.jmx
2025-09-09 22:21:24,791 INFO o.a.j.p.h.s.HTTPSamplerBase: Parser for text/html is org.apache.jmeter.protocol.http.parser.LagartoBasedHtmlParser
2025-09-09 22:21:24,791 INFO o.a.j.p.h.s.HTTPSamplerBase: Parser for application/xhtml+xml is org.apache.jmeter.protocol.http.parser.LagartoBasedHtmlParser
2025-09-09 22:21:24,791 INFO o.a.j.p.h.s.HTTPSamplerBase: Parser for application/xml is org.apache.jmeter.protocol.http.parser.LagartoBasedHtmlParser
2025-09-09 22:21:24,791 INFO o.a.j.p.h.s.HTTPSamplerBase: Parser for text/xml is org.apache.jmeter.protocol.http.parser.LagartoBasedHtmlParser
2025-09-09 22:21:24,791 INFO o.a.j.p.h.s.HTTPSamplerBase: Parser for text/vnd.wap.wml is org.apache.jmeter.protocol.http.parser.RegexpHTMLParser
2025-09-09 22:21:24,791 INFO o.a.j.p.h.s.HTTPSamplerBase: Parser for text/css is org.apache.jmeter.protocol.http.parser.CssParser
2025-09-09 22:21:24,839 INFO o.a.j.JMeter: Creating summariser <summary>
2025-09-09 22:21:24,839 INFO o.a.j.r.d.ReportGenerator: ReportGenerator will use for Parsing the separator: ','
2025-09-09 22:21:24,839 INFO o.a.j.r.d.ReportGenerator: Will generate report at end of test from  results file: result.jtl
2025-09-09 22:21:24,839 INFO o.a.j.r.d.ReportGenerator: Reading report generator properties from: D:\apache-jmeter-5.6.3\bin\reportgenerator.properties
2025-09-09 22:21:24,839 INFO o.a.j.r.d.ReportGenerator: Merging with JMeter properties
2025-09-09 22:21:24,858 INFO o.a.j.r.c.ReportGeneratorConfiguration: Property 'jmeter.reportgenerator.temp_dir' not found, using default value 'temp' instead.
2025-09-09 22:21:24,861 INFO o.a.j.r.c.ReportGeneratorConfiguration: Property 'jmeter.reportgenerator.apdex_per_transaction' not found, using default value 'null' instead.
2025-09-09 22:21:24,862 INFO o.a.j.r.c.ReportGeneratorConfiguration: apdex_per_transaction is empty, not APDEX per transaction customization
2025-09-09 22:21:24,862 INFO o.a.j.r.c.ReportGeneratorConfiguration: Property 'jmeter.reportgenerator.sample_filter' not found, using default value 'null' instead.
2025-09-09 22:21:24,862 INFO o.a.j.r.c.ReportGeneratorConfiguration: Property 'jmeter.reportgenerator.report_title' not found, using default value 'null' instead.
2025-09-09 22:21:24,862 INFO o.a.j.r.c.ReportGeneratorConfiguration: Property 'jmeter.reportgenerator.start_date' not found, using default value 'null' instead.
2025-09-09 22:21:24,862 INFO o.a.j.r.c.ReportGeneratorConfiguration: Property 'jmeter.reportgenerator.end_date' not found, using default value 'null' instead.
2025-09-09 22:21:24,862 INFO o.a.j.r.c.ReportGeneratorConfiguration: Property 'jmeter.reportgenerator.date_format' not found, using default value 'null' instead.
2025-09-09 22:21:24,863 INFO o.a.j.r.c.ReportGeneratorConfiguration: Will use date range start date: null, end date: null
2025-09-09 22:21:24,869 INFO o.a.j.r.c.ReportGeneratorConfiguration: Property 'jmeter.reportgenerator.graph.totalTPS.exclude_controllers' not found, using default value 'false' instead.
2025-09-09 22:21:24,869 INFO o.a.j.r.c.ReportGeneratorConfiguration: Property 'jmeter.reportgenerator.graph.activeThreadsOverTime.exclude_controllers' not found, using default value 'false' instead.
2025-09-09 22:21:24,869 INFO o.a.j.r.c.ReportGeneratorConfiguration: Property 'jmeter.reportgenerator.graph.timeVsThreads.exclude_controllers' not found, using default value 'false' instead.
2025-09-09 22:21:24,869 INFO o.a.j.r.c.ReportGeneratorConfiguration: Property 'jmeter.reportgenerator.graph.responseTimeDistribution.exclude_controllers' not found, using default value 'false' instead.
2025-09-09 22:21:24,869 INFO o.a.j.r.c.ReportGeneratorConfiguration: Property 'jmeter.reportgenerator.graph.transactionsPerSecond.exclude_controllers' not found, using default value 'false' instead.
2025-09-09 22:21:24,869 INFO o.a.j.r.c.ReportGeneratorConfiguration: Property 'jmeter.reportgenerator.graph.responseTimePercentiles.exclude_controllers' not found, using default value 'false' instead.
2025-09-09 22:21:24,869 INFO o.a.j.r.c.ReportGeneratorConfiguration: Property 'jmeter.reportgenerator.graph.responseTimePercentilesOverTime.exclude_controllers' not found, using default value 'false' instead.
2025-09-09 22:21:24,869 INFO o.a.j.r.c.ReportGeneratorConfiguration: Property 'jmeter.reportgenerator.graph.responseTimesOverTime.exclude_controllers' not found, using default value 'false' instead.
2025-09-09 22:21:24,869 INFO o.a.j.r.c.ReportGeneratorConfiguration: Property 'jmeter.reportgenerator.graph.connectTimeOverTime.exclude_controllers' not found, using default value 'false' instead.
2025-09-09 22:21:24,869 INFO o.a.j.r.c.ReportGeneratorConfiguration: Property 'jmeter.reportgenerator.graph.latenciesOverTime.exclude_controllers' not found, using default value 'false' instead.
2025-09-09 22:21:24,869 INFO o.a.j.r.c.ReportGeneratorConfiguration: Property 'jmeter.reportgenerator.exporter.json.filters_only_sample_series' not found, using default value 'true' instead.
2025-09-09 22:21:24,869 INFO o.a.j.r.c.ReportGeneratorConfiguration: Property 'jmeter.reportgenerator.exporter.json.series_filter' not found, using default value '' instead.
2025-09-09 22:21:24,869 INFO o.a.j.r.c.ReportGeneratorConfiguration: Property 'jmeter.reportgenerator.exporter.json.show_controllers_only' not found, using default value 'false' instead.
2025-09-09 22:21:24,869 INFO o.a.j.r.c.ReportGeneratorConfiguration: Property 'jmeter.reportgenerator.exporter.html.filters_only_sample_series' not found, using default value 'true' instead.
2025-09-09 22:21:24,869 INFO o.a.j.r.c.ReportGeneratorConfiguration: Property 'jmeter.reportgenerator.exporter.html.series_filter' not found, using default value '' instead.
2025-09-09 22:21:24,869 INFO o.a.j.r.c.ReportGeneratorConfiguration: Property 'jmeter.reportgenerator.exporter.html.show_controllers_only' not found, using default value 'false' instead.
2025-09-09 22:21:24,886 INFO o.a.j.e.StandardJMeterEngine: Running the test!
2025-09-09 22:21:24,886 INFO o.a.j.s.SampleEvent: List of sample_variables: []
2025-09-09 22:21:24,886 INFO o.a.j.s.SampleEvent: List of sample_variables: []
2025-09-09 22:21:24,901 INFO o.a.j.e.u.CompoundVariable: Note: Function class names must contain the string: '.functions.'
2025-09-09 22:21:24,901 INFO o.a.j.e.u.CompoundVariable: Note: Function class names must not contain the string: '.gui.'
2025-09-09 22:21:24,977 INFO o.a.j.r.ClassFinder: Will scan jar D:\apache-jmeter-5.6.3\lib\ext\javafaker-1.0.2.jar with filter ExtendsClassFilter [parents=[interface org.apache.jmeter.functions.Function], inner=false, contains=null, notContains=null]. Consider exposing JMeter plugins via META-INF/services, and add JMeter-Skip-Class-Scanning=true manifest attribute so JMeter can skip classfile scanning
2025-09-09 22:21:25,009 INFO o.a.j.JMeter: Running test (1757434885009)
2025-09-09 22:21:25,009 INFO o.a.j.e.StandardJMeterEngine: Starting setUp thread groups
2025-09-09 22:21:25,009 INFO o.a.j.e.StandardJMeterEngine: Starting setUp ThreadGroup: 1 : Admin Login 
2025-09-09 22:21:25,009 INFO o.a.j.e.StandardJMeterEngine: Starting 1 threads for group Admin Login.
2025-09-09 22:21:25,009 INFO o.a.j.e.StandardJMeterEngine: Thread will continue on error
2025-09-09 22:21:25,009 INFO o.a.j.t.ThreadGroup: Starting thread group... number=1 threads=1 ramp-up=1 delayedStart=false
2025-09-09 22:21:25,009 INFO o.a.j.t.ThreadGroup: Started thread group number 1
2025-09-09 22:21:25,009 INFO o.a.j.e.StandardJMeterEngine: Waiting for all setup thread groups to exit
2025-09-09 22:21:25,009 INFO o.a.j.t.JMeterThread: Thread started: Admin Login 1-1
2025-09-09 22:21:25,025 INFO o.a.j.p.h.s.HTTPHCAbstractImpl: Local host = DESKTOP-7CBI6GV
2025-09-09 22:21:25,040 INFO o.a.j.p.h.s.HTTPHC4Impl: HTTP request retry count = 0
2025-09-09 22:21:25,040 INFO o.a.j.s.SampleResult: Note: Sample TimeStamps are START times
2025-09-09 22:21:25,040 INFO o.a.j.s.SampleResult: sampleresult.default.encoding is set to UTF-8
2025-09-09 22:21:25,040 INFO o.a.j.s.SampleResult: sampleresult.useNanoTime=true
2025-09-09 22:21:25,040 INFO o.a.j.s.SampleResult: sampleresult.nanoThreadSleep=5000
2025-09-09 22:21:25,135 INFO o.a.j.p.h.s.h.LazyLayeredConnectionSocketFactory: Setting up HTTPS TrustAll Socket Factory
2025-09-09 22:21:25,150 INFO o.a.j.u.JsseSSLManager: Using default SSL protocol: TLS
2025-09-09 22:21:25,150 INFO o.a.j.u.JsseSSLManager: SSL session context: per-thread
2025-09-09 22:21:25,291 INFO o.a.j.u.SSLManager: JmeterKeyStore Location:  type JKS
2025-09-09 22:21:25,296 INFO o.a.j.u.SSLManager: KeyStore created OK
2025-09-09 22:21:25,297 WARN o.a.j.u.SSLManager: Keystore file not found, loading empty keystore
2025-09-09 22:21:25,697 INFO o.a.j.t.JMeterThread: Thread is done: Admin Login 1-1
2025-09-09 22:21:25,697 INFO o.a.j.t.JMeterThread: Thread finished: Admin Login 1-1
2025-09-09 22:21:25,697 INFO o.a.j.e.StandardJMeterEngine: All Setup Threads have ended
2025-09-09 22:21:25,720 INFO o.a.j.e.StandardJMeterEngine: Starting ThreadGroup: 1 : Deposit Group
2025-09-09 22:21:25,720 INFO o.a.j.e.StandardJMeterEngine: Starting 5 threads for group Deposit Group.
2025-09-09 22:21:25,720 INFO o.a.j.e.StandardJMeterEngine: Thread will continue on error
2025-09-09 22:21:25,720 INFO o.a.j.t.ThreadGroup: Starting thread group... number=1 threads=5 ramp-up=120 delayedStart=false
2025-09-09 22:21:25,732 INFO o.a.j.t.ThreadGroup: Started thread group number 1
2025-09-09 22:21:25,733 INFO o.a.j.e.StandardJMeterEngine: Starting ThreadGroup: 2 : Send Money Group
2025-09-09 22:21:25,733 INFO o.a.j.e.StandardJMeterEngine: Starting 5 threads for group Send Money Group.
2025-09-09 22:21:25,733 INFO o.a.j.e.StandardJMeterEngine: Thread will continue on error
2025-09-09 22:21:25,733 INFO o.a.j.t.ThreadGroup: Starting thread group... number=2 threads=5 ramp-up=120 delayedStart=false
2025-09-09 22:21:25,736 INFO o.a.j.t.ThreadGroup: Started thread group number 2
2025-09-09 22:21:25,736 INFO o.a.j.e.StandardJMeterEngine: Starting ThreadGroup: 3 : Payment
2025-09-09 22:21:25,736 INFO o.a.j.e.StandardJMeterEngine: Starting 5 threads for group Payment.
2025-09-09 22:21:25,736 INFO o.a.j.e.StandardJMeterEngine: Thread will continue on error
2025-09-09 22:21:25,737 INFO o.a.j.t.ThreadGroup: Starting thread group... number=3 threads=5 ramp-up=120 delayedStart=false
2025-09-09 22:21:25,740 INFO o.a.j.t.ThreadGroup: Started thread group number 3
2025-09-09 22:21:25,740 INFO o.a.j.e.StandardJMeterEngine: All thread groups have been started
2025-09-09 22:21:25,798 INFO o.a.j.t.JMeterThread: Thread started: Payment 3-1
2025-09-09 22:21:25,798 INFO o.a.j.t.JMeterThread: Thread started: Send Money Group 2-1
2025-09-09 22:21:25,798 INFO o.a.j.s.FileServer: Stored: Resources/payment.csv
2025-09-09 22:21:25,800 INFO o.a.j.s.FileServer: Stored: Resources/sendMoney.csv
2025-09-09 22:21:25,798 INFO o.a.j.t.JMeterThread: Thread started: Deposit Group 1-1
2025-09-09 22:21:25,801 INFO o.a.j.s.FileServer: Stored: Resources/deposit.csv
2025-09-09 22:21:25,801 ERROR o.a.j.t.JMeterThread: Test failed!
java.lang.IllegalArgumentException: File deposit.csv must exist and be readable
	at org.apache.jmeter.services.FileServer.createBufferedReader(FileServer.java:424) ~[ApacheJMeter_core.jar:5.6.3]
	at org.apache.jmeter.services.FileServer.readLine(FileServer.java:340) ~[ApacheJMeter_core.jar:5.6.3]
	at org.apache.jmeter.config.CSVDataSet.iterationStart(CSVDataSet.java:182) ~[ApacheJMeter_components.jar:5.6.3]
	at org.apache.jmeter.control.GenericController.fireIterationStart(GenericController.java:412) ~[ApacheJMeter_core.jar:5.6.3]
	at org.apache.jmeter.control.GenericController.fireIterEvents(GenericController.java:404) ~[ApacheJMeter_core.jar:5.6.3]
	at org.apache.jmeter.control.GenericController.next(GenericController.java:170) ~[ApacheJMeter_core.jar:5.6.3]
	at org.apache.jmeter.control.LoopController.next(LoopController.java:119) ~[ApacheJMeter_core.jar:5.6.3]
	at org.apache.jmeter.threads.AbstractThreadGroup.next(AbstractThreadGroup.java:109) ~[ApacheJMeter_core.jar:5.6.3]
	at org.apache.jmeter.threads.JMeterThread.run(JMeterThread.java:266) ~[ApacheJMeter_core.jar:5.6.3]
	at java.base/java.lang.Thread.run(Thread.java:1583) [?:?]
2025-09-09 22:21:25,800 ERROR o.a.j.t.JMeterThread: Test failed!
java.lang.IllegalArgumentException: File sendMoney.csv must exist and be readable
	at org.apache.jmeter.services.FileServer.createBufferedReader(FileServer.java:424) ~[ApacheJMeter_core.jar:5.6.3]
	at org.apache.jmeter.services.FileServer.readLine(FileServer.java:340) ~[ApacheJMeter_core.jar:5.6.3]
	at org.apache.jmeter.config.CSVDataSet.iterationStart(CSVDataSet.java:182) ~[ApacheJMeter_components.jar:5.6.3]
	at org.apache.jmeter.control.GenericController.fireIterationStart(GenericController.java:412) ~[ApacheJMeter_core.jar:5.6.3]
	at org.apache.jmeter.control.GenericController.fireIterEvents(GenericController.java:404) ~[ApacheJMeter_core.jar:5.6.3]
	at org.apache.jmeter.control.GenericController.next(GenericController.java:170) ~[ApacheJMeter_core.jar:5.6.3]
	at org.apache.jmeter.control.LoopController.next(LoopController.java:119) ~[ApacheJMeter_core.jar:5.6.3]
	at org.apache.jmeter.threads.AbstractThreadGroup.next(AbstractThreadGroup.java:109) ~[ApacheJMeter_core.jar:5.6.3]
	at org.apache.jmeter.threads.JMeterThread.run(JMeterThread.java:266) ~[ApacheJMeter_core.jar:5.6.3]
	at java.base/java.lang.Thread.run(Thread.java:1583) [?:?]
2025-09-09 22:21:25,800 ERROR o.a.j.t.JMeterThread: Test failed!
java.lang.IllegalArgumentException: File payment.csv must exist and be readable
	at org.apache.jmeter.services.FileServer.createBufferedReader(FileServer.java:424) ~[ApacheJMeter_core.jar:5.6.3]
	at org.apache.jmeter.services.FileServer.readLine(FileServer.java:340) ~[ApacheJMeter_core.jar:5.6.3]
	at org.apache.jmeter.config.CSVDataSet.iterationStart(CSVDataSet.java:182) ~[ApacheJMeter_components.jar:5.6.3]
	at org.apache.jmeter.control.GenericController.fireIterationStart(GenericController.java:412) ~[ApacheJMeter_core.jar:5.6.3]
	at org.apache.jmeter.control.GenericController.fireIterEvents(GenericController.java:404) ~[ApacheJMeter_core.jar:5.6.3]
	at org.apache.jmeter.control.GenericController.next(GenericController.java:170) ~[ApacheJMeter_core.jar:5.6.3]
	at org.apache.jmeter.control.LoopController.next(LoopController.java:119) ~[ApacheJMeter_core.jar:5.6.3]
	at org.apache.jmeter.threads.AbstractThreadGroup.next(AbstractThreadGroup.java:109) ~[ApacheJMeter_core.jar:5.6.3]
	at org.apache.jmeter.threads.JMeterThread.run(JMeterThread.java:266) ~[ApacheJMeter_core.jar:5.6.3]
	at java.base/java.lang.Thread.run(Thread.java:1583) [?:?]
2025-09-09 22:21:25,816 INFO o.a.j.t.JMeterThread: Thread finished: Deposit Group 1-1
2025-09-09 22:21:25,816 INFO o.a.j.t.JMeterThread: Thread finished: Send Money Group 2-1
2025-09-09 22:21:25,816 INFO o.a.j.t.JMeterThread: Thread finished: Payment 3-1
2025-09-09 22:21:49,789 INFO o.a.j.t.JMeterThread: Thread started: Deposit Group 1-2
2025-09-09 22:21:49,790 ERROR o.a.j.t.JMeterThread: Test failed!
java.lang.IllegalArgumentException: File deposit.csv must exist and be readable
	at org.apache.jmeter.services.FileServer.createBufferedReader(FileServer.java:424) ~[ApacheJMeter_core.jar:5.6.3]
	at org.apache.jmeter.services.FileServer.readLine(FileServer.java:340) ~[ApacheJMeter_core.jar:5.6.3]
	at org.apache.jmeter.config.CSVDataSet.iterationStart(CSVDataSet.java:182) ~[ApacheJMeter_components.jar:5.6.3]
	at org.apache.jmeter.control.GenericController.fireIterationStart(GenericController.java:412) ~[ApacheJMeter_core.jar:5.6.3]
	at org.apache.jmeter.control.GenericController.fireIterEvents(GenericController.java:404) ~[ApacheJMeter_core.jar:5.6.3]
	at org.apache.jmeter.control.GenericController.next(GenericController.java:170) ~[ApacheJMeter_core.jar:5.6.3]
	at org.apache.jmeter.control.LoopController.next(LoopController.java:119) ~[ApacheJMeter_core.jar:5.6.3]
	at org.apache.jmeter.threads.AbstractThreadGroup.next(AbstractThreadGroup.java:109) ~[ApacheJMeter_core.jar:5.6.3]
	at org.apache.jmeter.threads.JMeterThread.run(JMeterThread.java:266) ~[ApacheJMeter_core.jar:5.6.3]
	at java.base/java.lang.Thread.run(Thread.java:1583) [?:?]
2025-09-09 22:21:49,791 INFO o.a.j.t.JMeterThread: Thread finished: Deposit Group 1-2
2025-09-09 22:21:49,799 INFO o.a.j.t.JMeterThread: Thread started: Payment 3-2
2025-09-09 22:21:49,799 INFO o.a.j.t.JMeterThread: Thread started: Send Money Group 2-2
2025-09-09 22:21:49,801 ERROR o.a.j.t.JMeterThread: Test failed!
java.lang.IllegalArgumentException: File payment.csv must exist and be readable
	at org.apache.jmeter.services.FileServer.createBufferedReader(FileServer.java:424) ~[ApacheJMeter_core.jar:5.6.3]
	at org.apache.jmeter.services.FileServer.readLine(FileServer.java:340) ~[ApacheJMeter_core.jar:5.6.3]
	at org.apache.jmeter.config.CSVDataSet.iterationStart(CSVDataSet.java:182) ~[ApacheJMeter_components.jar:5.6.3]
	at org.apache.jmeter.control.GenericController.fireIterationStart(GenericController.java:412) ~[ApacheJMeter_core.jar:5.6.3]
	at org.apache.jmeter.control.GenericController.fireIterEvents(GenericController.java:404) ~[ApacheJMeter_core.jar:5.6.3]
	at org.apache.jmeter.control.GenericController.next(GenericController.java:170) ~[ApacheJMeter_core.jar:5.6.3]
	at org.apache.jmeter.control.LoopController.next(LoopController.java:119) ~[ApacheJMeter_core.jar:5.6.3]
	at org.apache.jmeter.threads.AbstractThreadGroup.next(AbstractThreadGroup.java:109) ~[ApacheJMeter_core.jar:5.6.3]
	at org.apache.jmeter.threads.JMeterThread.run(JMeterThread.java:266) ~[ApacheJMeter_core.jar:5.6.3]
	at java.base/java.lang.Thread.run(Thread.java:1583) [?:?]
2025-09-09 22:21:49,801 ERROR o.a.j.t.JMeterThread: Test failed!
java.lang.IllegalArgumentException: File sendMoney.csv must exist and be readable
	at org.apache.jmeter.services.FileServer.createBufferedReader(FileServer.java:424) ~[ApacheJMeter_core.jar:5.6.3]
	at org.apache.jmeter.services.FileServer.readLine(FileServer.java:340) ~[ApacheJMeter_core.jar:5.6.3]
	at org.apache.jmeter.config.CSVDataSet.iterationStart(CSVDataSet.java:182) ~[ApacheJMeter_components.jar:5.6.3]
	at org.apache.jmeter.control.GenericController.fireIterationStart(GenericController.java:412) ~[ApacheJMeter_core.jar:5.6.3]
	at org.apache.jmeter.control.GenericController.fireIterEvents(GenericController.java:404) ~[ApacheJMeter_core.jar:5.6.3]
	at org.apache.jmeter.control.GenericController.next(GenericController.java:170) ~[ApacheJMeter_core.jar:5.6.3]
	at org.apache.jmeter.control.LoopController.next(LoopController.java:119) ~[ApacheJMeter_core.jar:5.6.3]
	at org.apache.jmeter.threads.AbstractThreadGroup.next(AbstractThreadGroup.java:109) ~[ApacheJMeter_core.jar:5.6.3]
	at org.apache.jmeter.threads.JMeterThread.run(JMeterThread.java:266) ~[ApacheJMeter_core.jar:5.6.3]
	at java.base/java.lang.Thread.run(Thread.java:1583) [?:?]
2025-09-09 22:21:49,801 INFO o.a.j.t.JMeterThread: Thread finished: Payment 3-2
2025-09-09 22:21:49,801 INFO o.a.j.t.JMeterThread: Thread finished: Send Money Group 2-2
2025-09-09 22:22:13,788 INFO o.a.j.t.JMeterThread: Thread started: Deposit Group 1-3
2025-09-09 22:22:13,790 ERROR o.a.j.t.JMeterThread: Test failed!
java.lang.IllegalArgumentException: File deposit.csv must exist and be readable
	at org.apache.jmeter.services.FileServer.createBufferedReader(FileServer.java:424) ~[ApacheJMeter_core.jar:5.6.3]
	at org.apache.jmeter.services.FileServer.readLine(FileServer.java:340) ~[ApacheJMeter_core.jar:5.6.3]
	at org.apache.jmeter.config.CSVDataSet.iterationStart(CSVDataSet.java:182) ~[ApacheJMeter_components.jar:5.6.3]
	at org.apache.jmeter.control.GenericController.fireIterationStart(GenericController.java:412) ~[ApacheJMeter_core.jar:5.6.3]
	at org.apache.jmeter.control.GenericController.fireIterEvents(GenericController.java:404) ~[ApacheJMeter_core.jar:5.6.3]
	at org.apache.jmeter.control.GenericController.next(GenericController.java:170) ~[ApacheJMeter_core.jar:5.6.3]
	at org.apache.jmeter.control.LoopController.next(LoopController.java:119) ~[ApacheJMeter_core.jar:5.6.3]
	at org.apache.jmeter.threads.AbstractThreadGroup.next(AbstractThreadGroup.java:109) ~[ApacheJMeter_core.jar:5.6.3]
	at org.apache.jmeter.threads.JMeterThread.run(JMeterThread.java:266) ~[ApacheJMeter_core.jar:5.6.3]
	at java.base/java.lang.Thread.run(Thread.java:1583) [?:?]
2025-09-09 22:22:13,791 INFO o.a.j.t.JMeterThread: Thread finished: Deposit Group 1-3
2025-09-09 22:22:13,799 INFO o.a.j.t.JMeterThread: Thread started: Send Money Group 2-3
2025-09-09 22:22:13,799 INFO o.a.j.t.JMeterThread: Thread started: Payment 3-3
2025-09-09 22:22:13,799 ERROR o.a.j.t.JMeterThread: Test failed!
java.lang.IllegalArgumentException: File sendMoney.csv must exist and be readable
	at org.apache.jmeter.services.FileServer.createBufferedReader(FileServer.java:424) ~[ApacheJMeter_core.jar:5.6.3]
	at org.apache.jmeter.services.FileServer.readLine(FileServer.java:340) ~[ApacheJMeter_core.jar:5.6.3]
	at org.apache.jmeter.config.CSVDataSet.iterationStart(CSVDataSet.java:182) ~[ApacheJMeter_components.jar:5.6.3]
	at org.apache.jmeter.control.GenericController.fireIterationStart(GenericController.java:412) ~[ApacheJMeter_core.jar:5.6.3]
	at org.apache.jmeter.control.GenericController.fireIterEvents(GenericController.java:404) ~[ApacheJMeter_core.jar:5.6.3]
	at org.apache.jmeter.control.GenericController.next(GenericController.java:170) ~[ApacheJMeter_core.jar:5.6.3]
	at org.apache.jmeter.control.LoopController.next(LoopController.java:119) ~[ApacheJMeter_core.jar:5.6.3]
	at org.apache.jmeter.threads.AbstractThreadGroup.next(AbstractThreadGroup.java:109) ~[ApacheJMeter_core.jar:5.6.3]
	at org.apache.jmeter.threads.JMeterThread.run(JMeterThread.java:266) ~[ApacheJMeter_core.jar:5.6.3]
	at java.base/java.lang.Thread.run(Thread.java:1583) [?:?]
2025-09-09 22:22:13,799 INFO o.a.j.t.JMeterThread: Thread finished: Send Money Group 2-3
2025-09-09 22:22:13,799 ERROR o.a.j.t.JMeterThread: Test failed!
java.lang.IllegalArgumentException: File payment.csv must exist and be readable
	at org.apache.jmeter.services.FileServer.createBufferedReader(FileServer.java:424) ~[ApacheJMeter_core.jar:5.6.3]
	at org.apache.jmeter.services.FileServer.readLine(FileServer.java:340) ~[ApacheJMeter_core.jar:5.6.3]
	at org.apache.jmeter.config.CSVDataSet.iterationStart(CSVDataSet.java:182) ~[ApacheJMeter_components.jar:5.6.3]
	at org.apache.jmeter.control.GenericController.fireIterationStart(GenericController.java:412) ~[ApacheJMeter_core.jar:5.6.3]
	at org.apache.jmeter.control.GenericController.fireIterEvents(GenericController.java:404) ~[ApacheJMeter_core.jar:5.6.3]
	at org.apache.jmeter.control.GenericController.next(GenericController.java:170) ~[ApacheJMeter_core.jar:5.6.3]
	at org.apache.jmeter.control.LoopController.next(LoopController.java:119) ~[ApacheJMeter_core.jar:5.6.3]
	at org.apache.jmeter.threads.AbstractThreadGroup.next(AbstractThreadGroup.java:109) ~[ApacheJMeter_core.jar:5.6.3]
	at org.apache.jmeter.threads.JMeterThread.run(JMeterThread.java:266) ~[ApacheJMeter_core.jar:5.6.3]
	at java.base/java.lang.Thread.run(Thread.java:1583) [?:?]
2025-09-09 22:22:13,801 INFO o.a.j.t.JMeterThread: Thread finished: Payment 3-3
2025-09-09 22:22:37,788 INFO o.a.j.t.JMeterThread: Thread started: Deposit Group 1-4
2025-09-09 22:22:37,789 ERROR o.a.j.t.JMeterThread: Test failed!
java.lang.IllegalArgumentException: File deposit.csv must exist and be readable
	at org.apache.jmeter.services.FileServer.createBufferedReader(FileServer.java:424) ~[ApacheJMeter_core.jar:5.6.3]
	at org.apache.jmeter.services.FileServer.readLine(FileServer.java:340) ~[ApacheJMeter_core.jar:5.6.3]
	at org.apache.jmeter.config.CSVDataSet.iterationStart(CSVDataSet.java:182) ~[ApacheJMeter_components.jar:5.6.3]
	at org.apache.jmeter.control.GenericController.fireIterationStart(GenericController.java:412) ~[ApacheJMeter_core.jar:5.6.3]
	at org.apache.jmeter.control.GenericController.fireIterEvents(GenericController.java:404) ~[ApacheJMeter_core.jar:5.6.3]
	at org.apache.jmeter.control.GenericController.next(GenericController.java:170) ~[ApacheJMeter_core.jar:5.6.3]
	at org.apache.jmeter.control.LoopController.next(LoopController.java:119) ~[ApacheJMeter_core.jar:5.6.3]
	at org.apache.jmeter.threads.AbstractThreadGroup.next(AbstractThreadGroup.java:109) ~[ApacheJMeter_core.jar:5.6.3]
	at org.apache.jmeter.threads.JMeterThread.run(JMeterThread.java:266) ~[ApacheJMeter_core.jar:5.6.3]
	at java.base/java.lang.Thread.run(Thread.java:1583) [?:?]
2025-09-09 22:22:37,790 INFO o.a.j.t.JMeterThread: Thread finished: Deposit Group 1-4
2025-09-09 22:22:37,797 INFO o.a.j.t.JMeterThread: Thread started: Payment 3-4
2025-09-09 22:22:37,797 INFO o.a.j.t.JMeterThread: Thread started: Send Money Group 2-4
2025-09-09 22:22:37,798 ERROR o.a.j.t.JMeterThread: Test failed!
java.lang.IllegalArgumentException: File payment.csv must exist and be readable
	at org.apache.jmeter.services.FileServer.createBufferedReader(FileServer.java:424) ~[ApacheJMeter_core.jar:5.6.3]
	at org.apache.jmeter.services.FileServer.readLine(FileServer.java:340) ~[ApacheJMeter_core.jar:5.6.3]
	at org.apache.jmeter.config.CSVDataSet.iterationStart(CSVDataSet.java:182) ~[ApacheJMeter_components.jar:5.6.3]
	at org.apache.jmeter.control.GenericController.fireIterationStart(GenericController.java:412) ~[ApacheJMeter_core.jar:5.6.3]
	at org.apache.jmeter.control.GenericController.fireIterEvents(GenericController.java:404) ~[ApacheJMeter_core.jar:5.6.3]
	at org.apache.jmeter.control.GenericController.next(GenericController.java:170) ~[ApacheJMeter_core.jar:5.6.3]
	at org.apache.jmeter.control.LoopController.next(LoopController.java:119) ~[ApacheJMeter_core.jar:5.6.3]
	at org.apache.jmeter.threads.AbstractThreadGroup.next(AbstractThreadGroup.java:109) ~[ApacheJMeter_core.jar:5.6.3]
	at org.apache.jmeter.threads.JMeterThread.run(JMeterThread.java:266) ~[ApacheJMeter_core.jar:5.6.3]
	at java.base/java.lang.Thread.run(Thread.java:1583) [?:?]
2025-09-09 22:22:37,798 ERROR o.a.j.t.JMeterThread: Test failed!
java.lang.IllegalArgumentException: File sendMoney.csv must exist and be readable
	at org.apache.jmeter.services.FileServer.createBufferedReader(FileServer.java:424) ~[ApacheJMeter_core.jar:5.6.3]
	at org.apache.jmeter.services.FileServer.readLine(FileServer.java:340) ~[ApacheJMeter_core.jar:5.6.3]
	at org.apache.jmeter.config.CSVDataSet.iterationStart(CSVDataSet.java:182) ~[ApacheJMeter_components.jar:5.6.3]
	at org.apache.jmeter.control.GenericController.fireIterationStart(GenericController.java:412) ~[ApacheJMeter_core.jar:5.6.3]
	at org.apache.jmeter.control.GenericController.fireIterEvents(GenericController.java:404) ~[ApacheJMeter_core.jar:5.6.3]
	at org.apache.jmeter.control.GenericController.next(GenericController.java:170) ~[ApacheJMeter_core.jar:5.6.3]
	at org.apache.jmeter.control.LoopController.next(LoopController.java:119) ~[ApacheJMeter_core.jar:5.6.3]
	at org.apache.jmeter.threads.AbstractThreadGroup.next(AbstractThreadGroup.java:109) ~[ApacheJMeter_core.jar:5.6.3]
	at org.apache.jmeter.threads.JMeterThread.run(JMeterThread.java:266) ~[ApacheJMeter_core.jar:5.6.3]
	at java.base/java.lang.Thread.run(Thread.java:1583) [?:?]
2025-09-09 22:22:37,800 INFO o.a.j.t.JMeterThread: Thread finished: Payment 3-4
2025-09-09 22:22:37,800 INFO o.a.j.t.JMeterThread: Thread finished: Send Money Group 2-4
2025-09-09 22:23:01,787 INFO o.a.j.t.JMeterThread: Thread started: Deposit Group 1-5
2025-09-09 22:23:01,788 ERROR o.a.j.t.JMeterThread: Test failed!
java.lang.IllegalArgumentException: File deposit.csv must exist and be readable
	at org.apache.jmeter.services.FileServer.createBufferedReader(FileServer.java:424) ~[ApacheJMeter_core.jar:5.6.3]
	at org.apache.jmeter.services.FileServer.readLine(FileServer.java:340) ~[ApacheJMeter_core.jar:5.6.3]
	at org.apache.jmeter.config.CSVDataSet.iterationStart(CSVDataSet.java:182) ~[ApacheJMeter_components.jar:5.6.3]
	at org.apache.jmeter.control.GenericController.fireIterationStart(GenericController.java:412) ~[ApacheJMeter_core.jar:5.6.3]
	at org.apache.jmeter.control.GenericController.fireIterEvents(GenericController.java:404) ~[ApacheJMeter_core.jar:5.6.3]
	at org.apache.jmeter.control.GenericController.next(GenericController.java:170) ~[ApacheJMeter_core.jar:5.6.3]
	at org.apache.jmeter.control.LoopController.next(LoopController.java:119) ~[ApacheJMeter_core.jar:5.6.3]
	at org.apache.jmeter.threads.AbstractThreadGroup.next(AbstractThreadGroup.java:109) ~[ApacheJMeter_core.jar:5.6.3]
	at org.apache.jmeter.threads.JMeterThread.run(JMeterThread.java:266) ~[ApacheJMeter_core.jar:5.6.3]
	at java.base/java.lang.Thread.run(Thread.java:1583) [?:?]
2025-09-09 22:23:01,789 INFO o.a.j.t.JMeterThread: Thread finished: Deposit Group 1-5
2025-09-09 22:23:01,796 INFO o.a.j.t.JMeterThread: Thread started: Send Money Group 2-5
2025-09-09 22:23:01,797 INFO o.a.j.t.JMeterThread: Thread started: Payment 3-5
2025-09-09 22:23:01,797 ERROR o.a.j.t.JMeterThread: Test failed!
java.lang.IllegalArgumentException: File sendMoney.csv must exist and be readable
	at org.apache.jmeter.services.FileServer.createBufferedReader(FileServer.java:424) ~[ApacheJMeter_core.jar:5.6.3]
	at org.apache.jmeter.services.FileServer.readLine(FileServer.java:340) ~[ApacheJMeter_core.jar:5.6.3]
	at org.apache.jmeter.config.CSVDataSet.iterationStart(CSVDataSet.java:182) ~[ApacheJMeter_components.jar:5.6.3]
	at org.apache.jmeter.control.GenericController.fireIterationStart(GenericController.java:412) ~[ApacheJMeter_core.jar:5.6.3]
	at org.apache.jmeter.control.GenericController.fireIterEvents(GenericController.java:404) ~[ApacheJMeter_core.jar:5.6.3]
	at org.apache.jmeter.control.GenericController.next(GenericController.java:170) ~[ApacheJMeter_core.jar:5.6.3]
	at org.apache.jmeter.control.LoopController.next(LoopController.java:119) ~[ApacheJMeter_core.jar:5.6.3]
	at org.apache.jmeter.threads.AbstractThreadGroup.next(AbstractThreadGroup.java:109) ~[ApacheJMeter_core.jar:5.6.3]
	at org.apache.jmeter.threads.JMeterThread.run(JMeterThread.java:266) ~[ApacheJMeter_core.jar:5.6.3]
	at java.base/java.lang.Thread.run(Thread.java:1583) [?:?]
2025-09-09 22:23:01,797 ERROR o.a.j.t.JMeterThread: Test failed!
java.lang.IllegalArgumentException: File payment.csv must exist and be readable
	at org.apache.jmeter.services.FileServer.createBufferedReader(FileServer.java:424) ~[ApacheJMeter_core.jar:5.6.3]
	at org.apache.jmeter.services.FileServer.readLine(FileServer.java:340) ~[ApacheJMeter_core.jar:5.6.3]
	at org.apache.jmeter.config.CSVDataSet.iterationStart(CSVDataSet.java:182) ~[ApacheJMeter_components.jar:5.6.3]
	at org.apache.jmeter.control.GenericController.fireIterationStart(GenericController.java:412) ~[ApacheJMeter_core.jar:5.6.3]
	at org.apache.jmeter.control.GenericController.fireIterEvents(GenericController.java:404) ~[ApacheJMeter_core.jar:5.6.3]
	at org.apache.jmeter.control.GenericController.next(GenericController.java:170) ~[ApacheJMeter_core.jar:5.6.3]
	at org.apache.jmeter.control.LoopController.next(LoopController.java:119) ~[ApacheJMeter_core.jar:5.6.3]
	at org.apache.jmeter.threads.AbstractThreadGroup.next(AbstractThreadGroup.java:109) ~[ApacheJMeter_core.jar:5.6.3]
	at org.apache.jmeter.threads.JMeterThread.run(JMeterThread.java:266) ~[ApacheJMeter_core.jar:5.6.3]
	at java.base/java.lang.Thread.run(Thread.java:1583) [?:?]
2025-09-09 22:23:01,799 INFO o.a.j.t.JMeterThread: Thread finished: Send Money Group 2-5
2025-09-09 22:23:01,799 INFO o.a.j.t.JMeterThread: Thread finished: Payment 3-5
2025-09-09 22:23:01,799 INFO o.a.j.e.StandardJMeterEngine: Notifying test listeners of end of test
2025-09-09 22:23:01,799 INFO o.a.j.r.Summariser: summary =      1 in 00:01:37 =    0.0/s Avg:   537 Min:   537 Max:   537 Err:     0 (0.00%)
2025-09-09 22:23:01,799 INFO o.a.j.JMeter: Generating Dashboard
2025-09-09 22:23:01,799 INFO o.a.j.r.d.ReportGenerator: Flushing result collector before report Generation
2025-09-09 22:23:01,875 INFO o.a.j.r.p.NormalizerSampleConsumer: Using format, 'ms', to parse timeStamp field
2025-09-09 22:23:02,295 INFO o.a.j.r.p.AbstractSampleConsumer: class org.apache.jmeter.report.processor.AggregateConsumer#stopProducing(): beginDate produced 0 samples
2025-09-09 22:23:02,295 INFO o.a.j.r.p.AbstractSampleConsumer: class org.apache.jmeter.report.processor.AggregateConsumer#stopProducing(): endDate produced 0 samples
2025-09-09 22:23:02,295 INFO o.a.j.r.p.AbstractSampleConsumer: class org.apache.jmeter.report.processor.ApdexSummaryConsumer#stopProducing(): apdexSummary produced 0 samples
2025-09-09 22:23:02,295 INFO o.a.j.r.p.AbstractSampleConsumer: class org.apache.jmeter.report.processor.RequestsSummaryConsumer#stopProducing(): requestsSummary produced 0 samples
2025-09-09 22:23:02,315 INFO o.a.j.r.p.AbstractSampleConsumer: class org.apache.jmeter.report.processor.StatisticsSummaryConsumer#stopProducing(): statisticsSummary produced 0 samples
2025-09-09 22:23:02,319 INFO o.a.j.r.p.AbstractSampleConsumer: class org.apache.jmeter.report.processor.Top5ErrorsBySamplerConsumer#stopProducing(): top5ErrorsBySampler produced 0 samples
2025-09-09 22:23:02,319 INFO o.a.j.r.p.AbstractSampleConsumer: class org.apache.jmeter.report.processor.ErrorsSummaryConsumer#stopProducing(): errorsSummary produced 0 samples
2025-09-09 22:23:02,319 INFO o.a.j.r.p.AbstractSampleConsumer: class org.apache.jmeter.report.processor.graph.impl.HitsPerSecondGraphConsumer#stopProducing(): hitsPerSecond produced 0 samples
2025-09-09 22:23:02,354 INFO o.a.j.r.p.AbstractSampleConsumer: class org.apache.jmeter.report.processor.graph.impl.LatencyVSRequestGraphConsumer#stopProducing(): latencyVsRequest produced 0 samples
2025-09-09 22:23:02,354 INFO o.a.j.r.p.AbstractSampleConsumer: class org.apache.jmeter.report.processor.graph.impl.SyntheticResponseTimeDistributionGraphConsumer#stopProducing(): syntheticResponseTimeDistribution produced 0 samples
2025-09-09 22:23:02,354 INFO o.a.j.r.p.AbstractSampleConsumer: class org.apache.jmeter.report.processor.graph.impl.BytesThroughputGraphConsumer#stopProducing(): bytesThroughputOverTime produced 0 samples
2025-09-09 22:23:02,354 INFO o.a.j.r.p.AbstractSampleConsumer: class org.apache.jmeter.report.processor.graph.impl.CodesPerSecondGraphConsumer#stopProducing(): codesPerSecond produced 0 samples
2025-09-09 22:23:02,354 INFO o.a.j.r.p.AbstractSampleConsumer: class org.apache.jmeter.report.processor.graph.impl.ResponseTimeVSRequestGraphConsumer#stopProducing(): responseTimeVsRequest produced 0 samples
2025-09-09 22:23:02,370 INFO o.a.j.r.p.AbstractSampleConsumer: class org.apache.jmeter.report.processor.FilterConsumer#stopProducing(): startIntervalControlerFilter produced 7 samples
2025-09-09 22:23:02,370 INFO o.a.j.r.p.AbstractSampleConsumer: class org.apache.jmeter.report.processor.graph.impl.TotalTPSGraphConsumer#stopProducing(): totalTPS produced 0 samples
2025-09-09 22:23:02,370 INFO o.a.j.r.p.AbstractSampleConsumer: class org.apache.jmeter.report.processor.graph.impl.ActiveThreadsGraphConsumer#stopProducing(): activeThreadsOverTime produced 0 samples
2025-09-09 22:23:02,370 INFO o.a.j.r.p.AbstractSampleConsumer: class org.apache.jmeter.report.processor.graph.impl.TimeVSThreadGraphConsumer#stopProducing(): timeVsThreads produced 0 samples
2025-09-09 22:23:02,370 INFO o.a.j.r.p.AbstractSampleConsumer: class org.apache.jmeter.report.processor.graph.impl.ResponseTimeDistributionGraphConsumer#stopProducing(): responseTimeDistribution produced 0 samples
2025-09-09 22:23:02,370 INFO o.a.j.r.p.AbstractSampleConsumer: class org.apache.jmeter.report.processor.graph.impl.TransactionsPerSecondGraphConsumer#stopProducing(): transactionsPerSecond produced 0 samples
2025-09-09 22:23:02,370 INFO o.a.j.r.p.AbstractSampleConsumer: class org.apache.jmeter.report.processor.graph.impl.ResponseTimePercentilesGraphConsumer#stopProducing(): responseTimePercentiles produced 0 samples
2025-09-09 22:23:02,370 INFO o.a.j.r.p.AbstractSampleConsumer: class org.apache.jmeter.report.processor.graph.impl.ResponseTimePercentilesOverTimeGraphConsumer#stopProducing(): responseTimePercentilesOverTime produced 0 samples
2025-09-09 22:23:02,370 INFO o.a.j.r.p.AbstractSampleConsumer: class org.apache.jmeter.report.processor.graph.impl.ResponseTimeOverTimeGraphConsumer#stopProducing(): responseTimesOverTime produced 0 samples
2025-09-09 22:23:02,370 INFO o.a.j.r.p.AbstractSampleConsumer: class org.apache.jmeter.report.processor.graph.impl.ConnectTimeOverTimeGraphConsumer#stopProducing(): connectTimeOverTime produced 0 samples
2025-09-09 22:23:02,370 INFO o.a.j.r.p.AbstractSampleConsumer: class org.apache.jmeter.report.processor.graph.impl.LatencyOverTimeGraphConsumer#stopProducing(): latenciesOverTime produced 0 samples
2025-09-09 22:23:02,370 INFO o.a.j.r.p.AbstractSampleConsumer: class org.apache.jmeter.report.processor.FilterConsumer#stopProducing(): nameFilter produced 15 samples
2025-09-09 22:23:02,370 INFO o.a.j.r.p.AbstractSampleConsumer: class org.apache.jmeter.report.processor.FilterConsumer#stopProducing(): dateRangeFilter produced 3 samples
2025-09-09 22:23:02,370 INFO o.a.j.r.p.AbstractSampleConsumer: class org.apache.jmeter.report.processor.NormalizerSampleConsumer#stopProducing(): normalizer produced 1 samples
2025-09-09 22:23:02,370 INFO o.a.j.r.p.CsvFileSampleSource: produce(): 1 samples produced in 427ms on channel 0
2025-09-09 22:23:02,370 INFO o.a.j.r.d.ReportGenerator: Exporting data using exporter:'json' of className:'org.apache.jmeter.report.dashboard.JsonExporter'
2025-09-09 22:23:02,541 INFO o.a.j.r.d.JsonExporter: Found data for consumer statisticsSummary in context
2025-09-09 22:23:02,541 INFO o.a.j.r.d.JsonExporter: Creating statistics for overall
2025-09-09 22:23:02,541 INFO o.a.j.r.d.JsonExporter: Creating statistics for other transactions
2025-09-09 22:23:02,541 INFO o.a.j.r.d.JsonExporter: Checking output folder
2025-09-09 22:23:02,541 INFO o.a.j.r.d.JsonExporter: Writing statistics JSON to D:\apache-jmeter-5.6.3\bin\b16\JmeterAssignment2\Report\statistics.json
2025-09-09 22:23:02,666 INFO o.a.j.r.d.ReportGenerator: Exporting data using exporter:'html' of className:'org.apache.jmeter.report.dashboard.HtmlTemplateExporter'
2025-09-09 22:23:02,666 INFO o.a.j.r.d.HtmlTemplateExporter: Will generate dashboard in folder: D:\apache-jmeter-5.6.3\bin\b16\JmeterAssignment2\Report
2025-09-09 22:23:02,857 INFO o.a.j.r.d.HtmlTemplateExporter: Report will be generated in: D:\apache-jmeter-5.6.3\bin\b16\JmeterAssignment2\Report, creating folder structure
2025-09-09 22:23:02,859 INFO o.a.j.r.d.TemplateVisitor: Copying folder from 'D:\apache-jmeter-5.6.3\bin\report-template' to 'D:\apache-jmeter-5.6.3\bin\b16\JmeterAssignment2\Report', got message: D:\apache-jmeter-5.6.3\bin\b16\JmeterAssignment2\Report, found non empty folder with following content [D:\apache-jmeter-5.6.3\bin\b16\JmeterAssignment2\Report\statistics.json], will be ignored
2025-09-09 22:23:03,338 INFO o.a.j.JMeter: Dashboard generated
